[debug] [2022-01-19T17:46:21.987Z] ----------------------------------------------------------------------
[debug] [2022-01-19T17:46:21.989Z] Command:       C:\Program Files\nodejs\node.exe C:\Users\gusta\AppData\Roaming\npm\node_modules\firebase-tools\lib\bin\firebase.js init
[debug] [2022-01-19T17:46:21.989Z] CLI Version:   10.1.1
[debug] [2022-01-19T17:46:21.989Z] Platform:      win32
[debug] [2022-01-19T17:46:21.990Z] Node Version:  v16.13.1
[debug] [2022-01-19T17:46:21.990Z] Time:          Wed Jan 19 2022 14:46:21 GMT-0300 (Horário Padrão de Brasília)
[debug] [2022-01-19T17:46:21.991Z] ----------------------------------------------------------------------
[debug] 
[debug] [2022-01-19T17:46:22.037Z] > command requires scopes: ["email","openid","https://www.googleapis.com/auth/cloudplatformprojects.readonly","https://www.googleapis.com/auth/firebase","https://www.googleapis.com/auth/cloud-platform"]
[debug] [2022-01-19T17:46:22.037Z] > authorizing via signed-in user (detonaplaysbr@gmail.com)
[info] 
     ######## #### ########  ######## ########     ###     ######  ########
     ##        ##  ##     ## ##       ##     ##  ##   ##  ##       ##
     ######    ##  ########  ######   ########  #########  ######  ######
     ##        ##  ##    ##  ##       ##     ## ##     ##       ## ##
     ##       #### ##     ## ######## ########  ##     ##  ######  ########

You're about to initialize a Firebase project in this directory:

  C:\workspace\meusite2

Before we get started, keep in mind:

  * You are currently outside your home directory
  * You are initializing within an existing Firebase project directory

[info] 
=== Project Setup
[info] 
[info] First, let's associate this project directory with a Firebase project.
[info] You can create multiple project aliases by running firebase use --add, 
[info] but for now we'll just set up a default project.
[info] 
[debug] [2022-01-19T17:46:28.131Z] Using project from CLI flag: portfolio-779b6
[debug] [2022-01-19T17:46:28.133Z] > refreshing access token with scopes: []
[debug] [2022-01-19T17:46:28.133Z] >>> HTTP REQUEST POST https://www.googleapis.com/oauth2/v3/token  
 <request body omitted>
[debug] [2022-01-19T17:46:28.345Z] <<< HTTP RESPONSE 200 {"expires":"Mon, 01 Jan 1990 00:00:00 GMT","cache-control":"no-cache, no-store, max-age=0, must-revalidate","pragma":"no-cache","date":"Wed, 19 Jan 2022 17:46:51 GMT","content-type":"application/json; charset=utf-8","vary":"X-Origin, Referer, Origin,Accept-Encoding","server":"scaffolding on HTTPServer2","x-xss-protection":"0","x-frame-options":"SAMEORIGIN","x-content-type-options":"nosniff","alt-svc":"h3=\":443\"; ma=2592000,h3-29=\":443\"; ma=2592000,h3-Q050=\":443\"; ma=2592000,h3-Q046=\":443\"; ma=2592000,h3-Q043=\":443\"; ma=2592000,quic=\":443\"; ma=2592000; v=\"46,43\"","accept-ranges":"none","transfer-encoding":"chunked"}
[debug] [2022-01-19T17:46:28.354Z] >>> [apiv2][query] GET https://firebase.googleapis.com/v1beta1/projects/portfolio-779b6 [none]
[debug] [2022-01-19T17:46:29.421Z] <<< [apiv2][status] GET https://firebase.googleapis.com/v1beta1/projects/portfolio-779b6 200
[debug] [2022-01-19T17:46:29.421Z] <<< [apiv2][body] GET https://firebase.googleapis.com/v1beta1/projects/portfolio-779b6 {"projectId":"portfolio-779b6","projectNumber":"274049713045","displayName":"Portfolio","name":"projects/portfolio-779b6","resources":{"hostingSite":"portfolio-779b6"},"state":"ACTIVE"}
[info] i  Using project portfolio-779b6 (Portfolio) 
[info] 
=== Hosting Setup
[info] 
[info] Your public directory is the folder (relative to your project directory) that
[info] will contain Hosting assets to be uploaded with firebase deploy. If you
[info] have a build process for your assets, use your build's output directory.
[info] 
[debug] [2022-01-19T17:51:07.468Z] Error: kill ENOSYS
    at process.kill (node:internal/process/per_thread:215:13)
    at process.listener (C:\Users\gusta\AppData\Roaming\npm\node_modules\firebase-tools\node_modules\signal-exit\index.js:95:15)
    at process.emit (node:events:390:28)
[error] 
[error] Error: An unexpected error has occurred.
